<?xml version="1.0" encoding="UTF-8"?>
<!-- Generated by org.testng.reporters.JUnitReportReporter -->
<testsuite hostname="DESKTOP-CL01NSE" failures="2" tests="6" name="flipCart.VerifyRoomsPage" time="46.044" errors="0" timestamp="2022-09-21T16:47:13 IST" skipped="2">
  <testcase classname="flipCart.VerifyRoomsPage" name="verifyGoBackToMessengerButton" time="20.694"/>
  <system-out/>
  <testcase classname="flipCart.VerifyRoomsPage" name="verifyGoBackToMessengerButton" time="6.974"/>
  <system-out/>
  <testcase classname="flipCart.VerifyRoomsPage" name="verifyContactToHelpCenterButton" time="8.814">
    <failure message="The following asserts failed:
	Messenger help Centre Title found expected [Messenger help`Centre] but found [Messenger Help Centre]" type="java.lang.AssertionError">
      <![CDATA[java.lang.AssertionError: The following asserts failed:
Messenger help Centre Title found expected [Messenger help`Centre] but found [Messenger Help Centre]
at org.testng.asserts.SoftAssert.assertAll(SoftAssert.java:47)
at org.testng.asserts.SoftAssert.assertAll(SoftAssert.java:31)
at flipCart.VerifyRoomsPage.verifyContactToHelpCenterButton(VerifyRoomsPage.java:123)
at java.base/jdk.internal.reflect.DirectMethodHandleAccessor.invoke(DirectMethodHandleAccessor.java:104)
at java.base/java.lang.reflect.Method.invoke(Method.java:577)
at org.testng.internal.MethodInvocationHelper.invokeMethod(MethodInvocationHelper.java:133)
at org.testng.internal.TestInvoker.invokeMethod(TestInvoker.java:598)
at org.testng.internal.TestInvoker.invokeTestMethod(TestInvoker.java:173)
at org.testng.internal.MethodRunner.runInSequence(MethodRunner.java:46)
at org.testng.internal.TestInvoker$MethodInvocationAgent.invoke(TestInvoker.java:824)
at org.testng.internal.TestInvoker.invokeTestMethods(TestInvoker.java:146)
at org.testng.internal.TestMethodWorker.invokeTestMethods(TestMethodWorker.java:146)
at org.testng.internal.TestMethodWorker.run(TestMethodWorker.java:128)
at java.base/java.util.concurrent.ThreadPoolExecutor.runWorker(ThreadPoolExecutor.java:1136)
at java.base/java.util.concurrent.ThreadPoolExecutor$Worker.run(ThreadPoolExecutor.java:635)
at java.base/java.lang.Thread.run(Thread.java:833)
]]>
    </failure>
  </testcase> <!-- verifyContactToHelpCenterButton -->
  <system-out/>
  <testcase classname="flipCart.VerifyRoomsPage" name="verifyContactToHelpCenterButton" time="9.562">
    <failure message="The following asserts failed:
	Messenger help Centre Title found expected [Messenger help`Centre] but found [Messenger Help Centre]" type="java.lang.AssertionError">
      <![CDATA[java.lang.AssertionError: The following asserts failed:
Messenger help Centre Title found expected [Messenger help`Centre] but found [Messenger Help Centre]
at org.testng.asserts.SoftAssert.assertAll(SoftAssert.java:47)
at org.testng.asserts.SoftAssert.assertAll(SoftAssert.java:31)
at flipCart.VerifyRoomsPage.verifyContactToHelpCenterButton(VerifyRoomsPage.java:123)
at java.base/jdk.internal.reflect.DirectMethodHandleAccessor.invoke(DirectMethodHandleAccessor.java:104)
at java.base/java.lang.reflect.Method.invoke(Method.java:577)
at org.testng.internal.MethodInvocationHelper.invokeMethod(MethodInvocationHelper.java:133)
at org.testng.internal.TestInvoker.invokeMethod(TestInvoker.java:598)
at org.testng.internal.TestInvoker.invokeTestMethod(TestInvoker.java:173)
at org.testng.internal.MethodRunner.runInSequence(MethodRunner.java:46)
at org.testng.internal.TestInvoker$MethodInvocationAgent.invoke(TestInvoker.java:824)
at org.testng.internal.TestInvoker.invokeTestMethods(TestInvoker.java:146)
at org.testng.internal.TestMethodWorker.invokeTestMethods(TestMethodWorker.java:146)
at org.testng.internal.TestMethodWorker.run(TestMethodWorker.java:128)
at java.base/java.util.concurrent.ThreadPoolExecutor.runWorker(ThreadPoolExecutor.java:1136)
at java.base/java.util.concurrent.ThreadPoolExecutor$Worker.run(ThreadPoolExecutor.java:635)
at java.base/java.lang.Thread.run(Thread.java:833)
]]>
    </failure>
  </testcase> <!-- verifyContactToHelpCenterButton -->
  <system-out/>
  <testcase classname="flipCart.VerifyRoomsPage" name="test">
    <skipped/>
  </testcase> <!-- test -->
  <system-out/>
  <testcase classname="flipCart.VerifyRoomsPage" name="test">
    <skipped/>
  </testcase> <!-- test -->
  <system-out/>
</testsuite> <!-- flipCart.VerifyRoomsPage -->
