<?xml version="1.0" encoding="UTF-8"?>
<!-- Generated by org.testng.reporters.JUnitReportReporter -->
<testsuite hostname="DESKTOP-CL01NSE" failures="0" tests="4" name="flipCart.VerifyWatchTNG" time="30.981" errors="0" timestamp="2022-09-21T16:47:13 IST" skipped="0">
  <testcase classname="flipCart.VerifyWatchTNG" name="openLive" time="8.706"/>
  <system-out/>
  <testcase classname="flipCart.VerifyWatchTNG" name="openLive" time="5.010"/>
  <system-out/>
  <testcase classname="flipCart.VerifyWatchTNG" name="forgottenAccount" time="9.678"/>
  <system-out/>
  <testcase classname="flipCart.VerifyWatchTNG" name="forgottenAccount" time="7.587"/>
  <system-out/>
</testsuite> <!-- flipCart.VerifyWatchTNG -->
