<?xml version="1.0" encoding="UTF-8"?>
<!-- Generated by org.testng.reporters.JUnitReportReporter -->
<testsuite hostname="DESKTOP-CL01NSE" failures="0" tests="3" name="flipCart.TestNGClass" time="0.012" errors="0" timestamp="2022-09-18T17:31:00 IST" skipped="0">
  <testcase classname="flipCart.TestNGClass" name="test678" time="0.004"/>
  <system-out/>
  <testcase classname="flipCart.TestNGClass" name="test123" time="0.004"/>
  <system-out/>
  <testcase classname="flipCart.TestNGClass" name="test456" time="0.004"/>
  <system-out/>
</testsuite> <!-- flipCart.TestNGClass -->
